2022-02-09 11:52:16,561 DEBUG    root            Loaded Command Group: ['gcloud', 'auth']
2022-02-09 11:52:17,130 DEBUG    root            Loaded Command Group: ['gcloud', 'auth', 'login']
2022-02-09 11:52:17,136 DEBUG    root            Running [gcloud.auth.login] with arguments: []
2022-02-09 11:52:17,141 DEBUG    requests_oauthlib.oauth2_session Generated new state 79SQ6bCogI4VS8rYBlVmnrWqVqOHrs.
2022-02-09 11:52:17,302 INFO     ___FILE_ONLY___ Your browser has been opened to visit:

    https://accounts.google.com/o/oauth2/auth?response_type=code&client_id=32555940559.apps.googleusercontent.com&redirect_uri=http%3A%2F%2Flocalhost%3A8085%2F&scope=openid+https%3A%2F%2Fwww.googleapis.com%2Fauth%2Fuserinfo.email+https%3A%2F%2Fwww.googleapis.com%2Fauth%2Fcloud-platform+https%3A%2F%2Fwww.googleapis.com%2Fauth%2Fappengine.admin+https%3A%2F%2Fwww.googleapis.com%2Fauth%2Fcompute+https%3A%2F%2Fwww.googleapis.com%2Fauth%2Faccounts.reauth&state=79SQ6bCogI4VS8rYBlVmnrWqVqOHrs&access_type=offline&code_challenge=bcB1jlcVXSvaRqeMPSbp2OTWKrbApVC5HNsc_bL54ys&code_challenge_method=S256


2022-02-09 11:52:22,062 INFO     google_auth_oauthlib.flow "GET /?state=79SQ6bCogI4VS8rYBlVmnrWqVqOHrs&code=4/0AX4XfWh5WHoqs25bYHcEx3dW_HdEKHltw_9ia2v0si5KJIma-GQbIyTO2C7hVSJByBqlVA&scope=email%20openid%20https://www.googleapis.com/auth/userinfo.email%20https://www.googleapis.com/auth/cloud-platform%20https://www.googleapis.com/auth/appengine.admin%20https://www.googleapis.com/auth/compute%20https://www.googleapis.com/auth/accounts.reauth&authuser=0&hd=mirakl.com&prompt=consent HTTP/1.1" 200 959
2022-02-09 11:52:22,063 DEBUG    requests_oauthlib.oauth2_session Requesting url https://oauth2.googleapis.com/token using method POST.
2022-02-09 11:52:22,064 DEBUG    requests_oauthlib.oauth2_session Supplying headers {b'Accept': b'application/json', b'Content-Type': b'application/x-www-form-urlencoded;charset=UTF-8', b'user-agent': b'google-cloud-sdk gcloud/372.0.0 command/gcloud.auth.login invocation-id/4a1d9e564c3548c8b1adeeb20c8d5029 environment/None environment-version/None interactive/True from-script/False python/3.8.9 term/xterm-256color (Macintosh; Intel Mac OS X 21.3.0)'} and data {'grant_type': 'authorization_code', 'client_id': '32555940559.apps.googleusercontent.com', 'client_secret': 'ZmssLNjJy2998hD4CTg2ejr2', 'code': '4/0AX4XfWh5WHoqs25bYHcEx3dW_HdEKHltw_9ia2v0si5KJIma-GQbIyTO2C7hVSJByBqlVA', 'redirect_uri': 'http://localhost:8085/', 'code_verifier': 'Ba.2Sa.O-~5r3uhkgBuXVO0QmP8h.inCukx0ghyZh_QDJ~42UQ2JD1Qe7SgHSjtP7Jm2dedEV_1qWN_2aM8ldtX34vwdKDMf7dePlaFk~tO5GXj862tZMFiv2aVuL0vc'}
2022-02-09 11:52:22,064 DEBUG    requests_oauthlib.oauth2_session Passing through key word arguments {'json': None, 'timeout': None, 'auth': None, 'verify': None, 'proxies': None}.
2022-02-09 11:52:22,113 DEBUG    urllib3.connectionpool Starting new HTTPS connection (1): oauth2.googleapis.com:443
2022-02-09 11:52:22,257 DEBUG    urllib3.connectionpool https://oauth2.googleapis.com:443 "POST /token HTTP/1.1" 200 None
2022-02-09 11:52:22,259 DEBUG    requests_oauthlib.oauth2_session Prepared fetch token request body grant_type=authorization_code&client_id=32555940559.apps.googleusercontent.com&client_secret=ZmssLNjJy2998hD4CTg2ejr2&code=4%2F0AX4XfWh5WHoqs25bYHcEx3dW_HdEKHltw_9ia2v0si5KJIma-GQbIyTO2C7hVSJByBqlVA&redirect_uri=http%3A%2F%2Flocalhost%3A8085%2F&code_verifier=Ba.2Sa.O-~5r3uhkgBuXVO0QmP8h.inCukx0ghyZh_QDJ~42UQ2JD1Qe7SgHSjtP7Jm2dedEV_1qWN_2aM8ldtX34vwdKDMf7dePlaFk~tO5GXj862tZMFiv2aVuL0vc
2022-02-09 11:52:22,259 DEBUG    requests_oauthlib.oauth2_session Request to fetch token completed with status 200.
2022-02-09 11:52:22,260 DEBUG    requests_oauthlib.oauth2_session Request headers were {'user-agent': b'google-cloud-sdk gcloud/372.0.0 command/gcloud.auth.login invocation-id/4a1d9e564c3548c8b1adeeb20c8d5029 environment/None environment-version/None interactive/True from-script/False python/3.8.9 term/xterm-256color (Macintosh; Intel Mac OS X 21.3.0)', 'Accept-Encoding': 'gzip, deflate', 'Accept': b'application/json', 'Connection': 'keep-alive', 'Content-Type': b'application/x-www-form-urlencoded;charset=UTF-8', 'Content-Length': '387'}
2022-02-09 11:52:22,260 DEBUG    requests_oauthlib.oauth2_session Request body was grant_type=authorization_code&client_id=32555940559.apps.googleusercontent.com&client_secret=ZmssLNjJy2998hD4CTg2ejr2&code=4%2F0AX4XfWh5WHoqs25bYHcEx3dW_HdEKHltw_9ia2v0si5KJIma-GQbIyTO2C7hVSJByBqlVA&redirect_uri=http%3A%2F%2Flocalhost%3A8085%2F&code_verifier=Ba.2Sa.O-~5r3uhkgBuXVO0QmP8h.inCukx0ghyZh_QDJ~42UQ2JD1Qe7SgHSjtP7Jm2dedEV_1qWN_2aM8ldtX34vwdKDMf7dePlaFk~tO5GXj862tZMFiv2aVuL0vc
2022-02-09 11:52:22,260 DEBUG    requests_oauthlib.oauth2_session Response headers were {'Date': 'Wed, 09 Feb 2022 10:52:22 GMT', 'Expires': 'Mon, 01 Jan 1990 00:00:00 GMT', 'Pragma': 'no-cache', 'Cache-Control': 'no-cache, no-store, max-age=0, must-revalidate', 'Content-Type': 'application/json; charset=utf-8', 'Vary': 'Origin, X-Origin, Referer', 'Content-Encoding': 'gzip', 'Server': 'scaffolding on HTTPServer2', 'X-XSS-Protection': '0', 'X-Frame-Options': 'SAMEORIGIN', 'X-Content-Type-Options': 'nosniff', 'Alt-Svc': 'h3=":443"; ma=2592000,h3-29=":443"; ma=2592000,h3-Q050=":443"; ma=2592000,h3-Q046=":443"; ma=2592000,h3-Q043=":443"; ma=2592000,quic=":443"; ma=2592000; v="46,43"', 'Transfer-Encoding': 'chunked'} and content {
  "access_token": "ya29.A0ARrdaM_mS20mpJBhNrr-n0RkxmLol1ZLUmTJucb7xxpPOMLchXQlwNZcgGrS5muCfMcdjsy9BCZ7BJx-Tdx76uiKR_odDj-aVyaXpeUVhHXPrm16pWNgLkX4JfHBA9wD6vhLivUnrqRLTErD5AFheRrsYVnc-mbOiSSm",
  "expires_in": 3599,
  "refresh_token": "1//03PXCe3AsBZaSCgYIARAAGAMSNwF-L9Ir95r75ZCLsvJl8HEeR_iu-nEr1TfNc2Jz57NR9yfyT3FWs5REO2HFaB2uOEro1c_iq9Y",
  "scope": "https://www.googleapis.com/auth/accounts.reauth https://www.googleapis.com/auth/cloud-platform https://www.googleapis.com/auth/appengine.admin https://www.googleapis.com/auth/compute https://www.googleapis.com/auth/userinfo.email openid",
  "token_type": "Bearer",
  "id_token": "eyJhbGciOiJSUzI1NiIsImtpZCI6IjE4MmU0NTBhMzVhMjA4MWZhYTFkOWFlMWQyZDc1YTBmMjNkOTFkZjgiLCJ0eXAiOiJKV1QifQ.eyJpc3MiOiJodHRwczovL2FjY291bnRzLmdvb2dsZS5jb20iLCJhenAiOiIzMjU1NTk0MDU1OS5hcHBzLmdvb2dsZXVzZXJjb250ZW50LmNvbSIsImF1ZCI6IjMyNTU1OTQwNTU5LmFwcHMuZ29vZ2xldXNlcmNvbnRlbnQuY29tIiwic3ViIjoiMTA3NzE1NTI5NjQ3MDE0ODcyMzk3IiwiaGQiOiJtaXJha2wuY29tIiwiZW1haWwiOiJvbGl2aWVyLmdyYWNpYW5uZXR0ZUBtaXJha2wuY29tIiwiZW1haWxfdmVyaWZpZWQiOnRydWUsImF0X2hhc2giOiJWMlVzMXdoWnBuNkpUWGdGbmk2blZnIiwiaWF0IjoxNjQ0NDAzOTQyLCJleHAiOjE2NDQ0MDc1NDJ9.etVSaigmSQgHTRdQMoAiFL_wlRIuv3wefAnzDCPbLkWEjLzl4TKkr9cDtB_q0kVapHbr3JrOGzX5RVZFfOsDR_u93iJ3JEwXyD-ncCLeS8iMW7L98L9o4a6DGzk78o9cBLv-7c_J_MuVGXUcJOZsGckO-iXnIrlIuQ_waH9bl9NKZ7o6mEwBOKC5UgFiGRLNEaaDJX6_v1_8KAYdt68Nr9sz1otI1q7S7PytU7JnWBa-4Z88qrnA7bc9ATosMKIN6tjkoSr3EJ-Gvr0R-5dy6QE0BFSbz2jpubCPWMFQtGUgmva7EsljeNXFcM6YgjafIBLz1ZQi5LHlNptgHBvFyA"
}.
2022-02-09 11:52:22,261 DEBUG    requests_oauthlib.oauth2_session Invoking 0 token response hooks.
2022-02-09 11:52:22,261 DEBUG    requests_oauthlib.oauth2_session Obtained token {'access_token': 'ya29.A0ARrdaM_mS20mpJBhNrr-n0RkxmLol1ZLUmTJucb7xxpPOMLchXQlwNZcgGrS5muCfMcdjsy9BCZ7BJx-Tdx76uiKR_odDj-aVyaXpeUVhHXPrm16pWNgLkX4JfHBA9wD6vhLivUnrqRLTErD5AFheRrsYVnc-mbOiSSm', 'expires_in': 3599, 'refresh_token': '1//03PXCe3AsBZaSCgYIARAAGAMSNwF-L9Ir95r75ZCLsvJl8HEeR_iu-nEr1TfNc2Jz57NR9yfyT3FWs5REO2HFaB2uOEro1c_iq9Y', 'scope': ['https://www.googleapis.com/auth/accounts.reauth', 'https://www.googleapis.com/auth/cloud-platform', 'https://www.googleapis.com/auth/appengine.admin', 'https://www.googleapis.com/auth/compute', 'https://www.googleapis.com/auth/userinfo.email', 'openid'], 'token_type': 'Bearer', 'id_token': 'eyJhbGciOiJSUzI1NiIsImtpZCI6IjE4MmU0NTBhMzVhMjA4MWZhYTFkOWFlMWQyZDc1YTBmMjNkOTFkZjgiLCJ0eXAiOiJKV1QifQ.eyJpc3MiOiJodHRwczovL2FjY291bnRzLmdvb2dsZS5jb20iLCJhenAiOiIzMjU1NTk0MDU1OS5hcHBzLmdvb2dsZXVzZXJjb250ZW50LmNvbSIsImF1ZCI6IjMyNTU1OTQwNTU5LmFwcHMuZ29vZ2xldXNlcmNvbnRlbnQuY29tIiwic3ViIjoiMTA3NzE1NTI5NjQ3MDE0ODcyMzk3IiwiaGQiOiJtaXJha2wuY29tIiwiZW1haWwiOiJvbGl2aWVyLmdyYWNpYW5uZXR0ZUBtaXJha2wuY29tIiwiZW1haWxfdmVyaWZpZWQiOnRydWUsImF0X2hhc2giOiJWMlVzMXdoWnBuNkpUWGdGbmk2blZnIiwiaWF0IjoxNjQ0NDAzOTQyLCJleHAiOjE2NDQ0MDc1NDJ9.etVSaigmSQgHTRdQMoAiFL_wlRIuv3wefAnzDCPbLkWEjLzl4TKkr9cDtB_q0kVapHbr3JrOGzX5RVZFfOsDR_u93iJ3JEwXyD-ncCLeS8iMW7L98L9o4a6DGzk78o9cBLv-7c_J_MuVGXUcJOZsGckO-iXnIrlIuQ_waH9bl9NKZ7o6mEwBOKC5UgFiGRLNEaaDJX6_v1_8KAYdt68Nr9sz1otI1q7S7PytU7JnWBa-4Z88qrnA7bc9ATosMKIN6tjkoSr3EJ-Gvr0R-5dy6QE0BFSbz2jpubCPWMFQtGUgmva7EsljeNXFcM6YgjafIBLz1ZQi5LHlNptgHBvFyA', 'expires_at': 1644407541.261256}.
2022-02-09 11:52:22,293 INFO     ___FILE_ONLY___ 
You are now logged in as [olivier.graciannette@mirakl.com].
Your current project is [None].  You can change this setting by running:
  $ gcloud config set project PROJECT_ID

2022-02-09 11:52:22,293 INFO     root            Display format: "none"
2022-02-09 11:52:22,318 DEBUG    root            Metrics reporting process started...
